WARNING : Could not find a target 'html', but found a target 'web' with format='html'; using this target.
INFO    : Building target web
ERROR   : XInclude Error caused build to fail:
ERROR   : <string>:0:0:WARNING:IO:IO_LOAD_ERROR: failed to load external entity "file:/C:/Users/CKG/Documents/Pretext/math/calculus-new/source/chapter-ITC.ptx"
file:/C:/Users/CKG/Documents/Pretext/math/calculus-new/source/main.ptx:32:0:ERROR:XINCLUDE:XINCLUDE_NO_FALLBACK: could not load file:/C:/Users/CKG/Documents/Pretext/math/calculus-new/source/chapter-ITC.ptx, and no fallback was found
<string>:0:0:WARNING:IO:IO_LOAD_ERROR: failed to load external entity "file:/C:/Users/CKG/Documents/Pretext/math/calculus-new/source/chapter-TD.ptx"
file:/C:/Users/CKG/Documents/Pretext/math/calculus-new/source/main.ptx:33:0:ERROR:XINCLUDE:XINCLUDE_NO_FALLBACK: could not load file:/C:/Users/CKG/Documents/Pretext/math/calculus-new/source/chapter-TD.ptx, and no fallback was found
<string>:0:0:WARNING:IO:IO_LOAD_ERROR: failed to load external entity "file:/C:/Users/CKG/Documents/Pretext/math/calculus-new/source/chapter-DT.ptx"
file:/C:/Users/CKG/Documents/Pretext/math/calculus-new/source/main.ptx:34:0:ERROR:XINCLUDE:XINCLUDE_NO_FALLBACK: could not load file:/C:/Users/CKG/Documents/Pretext/math/calculus-new/source/chapter-DT.ptx, and no fallback was found
<string>:0:0:WARNING:IO:IO_LOAD_ERROR: failed to load external entity "file:/C:/Users/CKG/Documents/Pretext/math/calculus-new/source/chapter-GBOF.ptx"
file:/C:/Users/CKG/Documents/Pretext/math/calculus-new/source/main.ptx:35:0:ERROR:XINCLUDE:XINCLUDE_NO_FALLBACK: could not load file:/C:/Users/CKG/Documents/Pretext/math/calculus-new/source/chapter-GBOF.ptx, and no fallback was found
<string>:0:0:WARNING:IO:IO_LOAD_ERROR: failed to load external entity "file:/C:/Users/CKG/Documents/Pretext/math/calculus-new/source/chapter-AOD.ptx"
file:/C:/Users/CKG/Documents/Pretext/math/calculus-new/source/main.ptx:36:0:ERROR:XINCLUDE:XINCLUDE_NO_FALLBACK: could not load file:/C:/Users/CKG/Documents/Pretext/math/calculus-new/source/chapter-AOD.ptx, and no fallback was found
<string>:0:0:WARNING:IO:IO_LOAD_ERROR: failed to load external entity "file:/C:/Users/CKG/Documents/Pretext/math/calculus-new/source/chapter-DOTF.ptx"
file:/C:/Users/CKG/Documents/Pretext/math/calculus-new/source/main.ptx:37:0:ERROR:XINCLUDE:XINCLUDE_NO_FALLBACK: could not load file:/C:/Users/CKG/Documents/Pretext/math/calculus-new/source/chapter-DOTF.ptx, and no fallback was found
CRITICAL: XML syntax for source file is invalid
INFO    : ------------------------
CRITICAL: Failed to build.  Exiting...
INFO    : 
----------------------------------------------------
INFO    : While running pretext, the following errors occurred:

INFO    : (see log messages above or in the 'logs' folder for more information)
INFO    : ----------------------------------------------------
