WARNING : Could not find a target 'html', but found a target 'web' with format='html'; using this target.
INFO    : Building target web
ERROR   : XInclude Error caused build to fail:
ERROR   : file:/C:/Users/CKG/Documents/Pretext/math/calculus-new/source/chapter-TD/section-VAROC.ptx:257:15:FATAL:PARSER:ERR_DOCUMENT_EMPTY: Start tag expected, '<' not found
file:/C:/Users/CKG/Documents/Pretext/math/calculus-new/source/chapter-TD.ptx:11:0:ERROR:XINCLUDE:XINCLUDE_NO_FALLBACK: could not load file:/C:/Users/CKG/Documents/Pretext/math/calculus-new/source/chapter-TD/section-VAROC.ptx, and no fallback was found
file:/C:/Users/CKG/Documents/Pretext/math/calculus-new/source/chapter-DT/section-ID.ptx:198:15:FATAL:PARSER:ERR_DOCUMENT_EMPTY: Start tag expected, '<' not found
file:/C:/Users/CKG/Documents/Pretext/math/calculus-new/source/chapter-DT.ptx:25:0:ERROR:XINCLUDE:XINCLUDE_NO_FALLBACK: could not load file:/C:/Users/CKG/Documents/Pretext/math/calculus-new/source/chapter-DT/section-ID.ptx, and no fallback was found
file:/C:/Users/CKG/Documents/Pretext/math/calculus-new/source/chapter-GBOF/section-RTTMVT.ptx:136:15:FATAL:PARSER:ERR_DOCUMENT_EMPTY: Start tag expected, '<' not found
file:/C:/Users/CKG/Documents/Pretext/math/calculus-new/source/chapter-GBOF.ptx:14:0:ERROR:XINCLUDE:XINCLUDE_NO_FALLBACK: could not load file:/C:/Users/CKG/Documents/Pretext/math/calculus-new/source/chapter-GBOF/section-RTTMVT.ptx, and no fallback was found
file:/C:/Users/CKG/Documents/Pretext/math/calculus-new/source/chapter-AOD/section-DLLA.ptx:175:15:FATAL:PARSER:ERR_DOCUMENT_EMPTY: Start tag expected, '<' not found
file:/C:/Users/CKG/Documents/Pretext/math/calculus-new/source/chapter-AOD.ptx:9:0:ERROR:XINCLUDE:XINCLUDE_NO_FALLBACK: could not load file:/C:/Users/CKG/Documents/Pretext/math/calculus-new/source/chapter-AOD/section-DLLA.ptx, and no fallback was found
file:/C:/Users/CKG/Documents/Pretext/math/calculus-new/source/chapter-AOD/section-RR.ptx:62:15:FATAL:PARSER:ERR_DOCUMENT_EMPTY: Start tag expected, '<' not found
file:/C:/Users/CKG/Documents/Pretext/math/calculus-new/source/chapter-AOD.ptx:12:0:ERROR:XINCLUDE:XINCLUDE_NO_FALLBACK: could not load file:/C:/Users/CKG/Documents/Pretext/math/calculus-new/source/chapter-AOD/section-RR.ptx, and no fallback was found
file:/C:/Users/CKG/Documents/Pretext/math/calculus-new/source/chapter-DOTF/section-DOIF.ptx:171:15:FATAL:PARSER:ERR_DOCUMENT_EMPTY: Start tag expected, '<' not found
file:/C:/Users/CKG/Documents/Pretext/math/calculus-new/source/chapter-DOTF.ptx:13:0:ERROR:XINCLUDE:XINCLUDE_NO_FALLBACK: could not load file:/C:/Users/CKG/Documents/Pretext/math/calculus-new/source/chapter-DOTF/section-DOIF.ptx, and no fallback was found
CRITICAL: XML syntax for source file is invalid
INFO    : ------------------------
CRITICAL: Failed to build.  Exiting...
INFO    : 
----------------------------------------------------
INFO    : While running pretext, the following errors occurred:

INFO    : (see log messages above or in the 'logs' folder for more information)
INFO    : ----------------------------------------------------
