INFO    : Since no target was supplied, we will use "web".

INFO    : Generating assets for web
INFO    : Generating any needed assets.
INFO    : converting latex-image pictures from C:\Users\CKG\Documents\Pretext\math\calculus-new\source\main.ptx to svg graphics for placement in C:\Users\CKG\Documents\Pretext\math\calculus-new\generated-assets\latex-image
INFO    : extracting latex-image pictures from C:\Users\CKG\Documents\Pretext\math\calculus-new\source\main.ptx
INFO    : string parameters passed to extraction stylesheet: {'publisher': 'C:/Users/CKG/Documents/Pretext/math/calculus-new/publication/publication.ptx'}
INFO    : discovering source file's directory name: C:\Users\CKG\Documents\Pretext\math\calculus-new\source
INFO    : verifying and expanding input directory: C:\Users\CKG\Documents\Pretext\math\calculus-new\source\../generated-assets
INFO    : input directory expanded to absolute path: C:\Users\CKG\Documents\Pretext\math\calculus-new\generated-assets
INFO    : verifying and expanding input directory: C:\Users\CKG\Documents\Pretext\math\calculus-new\source\../assets
INFO    : input directory expanded to absolute path: C:\Users\CKG\Documents\Pretext\math\calculus-new\assets
INFO    : XSL conversion of C:\Users\CKG\Documents\Pretext\math\calculus-new\source\main.ptx by C:\Users\CKG\.ptx\2.14.0\core\xsl\extract-latex-image.xsl
INFO    : messages from the log for XSL processing:
INFO    : * PTX:INFO:   checking ONLY the last TWO YEARS of element deprecations.
Rerun with the string parameter "author.deprecations.all" set to "yes" to check your source against all deprecations.
INFO    : successful application of C:\Users\CKG\.ptx\2.14.0\core\xsl\extract-latex-image.xsl
INFO    : converting sec-triangle.tex to sec-triangle.pdf
INFO    : cropping sec-triangle.pdf to cropped-sec-triangle.pdf
INFO    : renaming cropped-sec-triangle.pdf to sec-triangle.pdf
INFO    : converting sec-triangle.pdf to sec-triangle.svg
INFO    : converting sin-triangle.tex to sin-triangle.pdf
INFO    : cropping sin-triangle.pdf to cropped-sin-triangle.pdf
INFO    : renaming cropped-sin-triangle.pdf to sin-triangle.pdf
INFO    : converting sin-triangle.pdf to sin-triangle.svg
INFO    : converting tan-triangle.tex to tan-triangle.pdf
INFO    : cropping tan-triangle.pdf to cropped-tan-triangle.pdf
INFO    : renaming cropped-tan-triangle.pdf to tan-triangle.pdf
INFO    : converting tan-triangle.pdf to tan-triangle.svg
INFO    : Removing temporary directory C:\Users\CKG\AppData\Local\Temp\ptx-pwgg69x6
INFO    : Finished generating assets.

INFO    : Building target web
INFO    : Preparing to build into C:\Users\CKG\Documents\Pretext\math\calculus-new\output\web.
WARNING : Node.js must be installed to build CSS files.  Please install node.js and npm.
 Will try to use prebuilt CSS files instead.
WARNING : Cannot find npm.  Will try to use prebuilt CSS files instead.
WARNING : Unable to install npm packages to build css files.  Non-default CSS themes require node.js and npm to be installed.  See https://pretextbook.org/doc/guide/html/node-and-npm.html
WARNING : 
INFO    : discovering source file's directory name: C:\Users\CKG\Documents\Pretext\math\calculus-new\source
INFO    : verifying and expanding input directory: C:\Users\CKG\Documents\Pretext\math\calculus-new\source\../generated-assets
INFO    : input directory expanded to absolute path: C:\Users\CKG\Documents\Pretext\math\calculus-new\generated-assets
INFO    : verifying and expanding input directory: C:\Users\CKG\Documents\Pretext\math\calculus-new\source\../assets
INFO    : input directory expanded to absolute path: C:\Users\CKG\Documents\Pretext\math\calculus-new\assets
INFO    : Downloading rs services file from https://runestone.academy/cdn/runestone/latest/webpack_static_imports.xml.
INFO    : Runestone Services via online CDN query: version 7.5.10
INFO    : Downloading Runestone Services, version 7.5.10
INFO    : Extracting Runestone Services from archive file
INFO    : XSL conversion of C:\Users\CKG\Documents\Pretext\math\calculus-new\source\main.ptx by C:\Users\CKG\.ptx\2.14.0\core\xsl\utilities\report-publisher-variables.xsl
INFO    : successful application of C:\Users\CKG\.ptx\2.14.0\core\xsl\utilities\report-publisher-variables.xsl
INFO    : Node.js not available. Relying on prebuilt default-modern.
INFO    : converting C:\Users\CKG\Documents\Pretext\math\calculus-new\source\main.ptx to HTML in C:\Users\CKG\AppData\Local\Temp\ptx-witvpid8
INFO    : XSL conversion of C:\Users\CKG\Documents\Pretext\math\calculus-new\source\main.ptx by C:\Users\CKG\.ptx\2.14.0\core\xsl\pretext-html.xsl
INFO    : messages from the log for XSL processing:
INFO    : * PTX:INFO:   checking ONLY the last TWO YEARS of element deprecations.
Rerun with the string parameter "author.deprecations.all" set to "yes" to check your source against all deprecations.
INFO    : successful application of C:\Users\CKG\.ptx\2.14.0\core\xsl\pretext-html.xsl
INFO    : Removing temporary directory C:\Users\CKG\AppData\Local\Temp\ptx-witvpid8
INFO    : Removing temporary directory C:\Users\CKG\AppData\Local\Temp\ptx-4yrho0no
INFO    : 
Success! Run `pretext view` to see the results.

INFO    : 
