INFO    : Building target web
INFO    : Generating any needed assets.
INFO    : converting latex-image pictures from C:\Users\CKG\Documents\Pretext\math\calculus-new\source\main.ptx to svg graphics for placement in C:\Users\CKG\Documents\Pretext\math\calculus-new\generated-assets\latex-image
INFO    : extracting latex-image pictures from C:\Users\CKG\Documents\Pretext\math\calculus-new\source\main.ptx
INFO    : string parameters passed to extraction stylesheet: {'publisher': 'C:/Users/CKG/Documents/Pretext/math/calculus-new/publication/publication.ptx'}
INFO    : discovering source file's directory name: C:\Users\CKG\Documents\Pretext\math\calculus-new\source
INFO    : verifying and expanding input directory: C:\Users\CKG\Documents\Pretext\math\calculus-new\source\../generated-assets
INFO    : input directory expanded to absolute path: C:\Users\CKG\Documents\Pretext\math\calculus-new\generated-assets
INFO    : verifying and expanding input directory: C:\Users\CKG\Documents\Pretext\math\calculus-new\source\../assets
INFO    : input directory expanded to absolute path: C:\Users\CKG\Documents\Pretext\math\calculus-new\assets
INFO    : XSL conversion of C:\Users\CKG\Documents\Pretext\math\calculus-new\source\main.ptx by C:\Users\CKG\.ptx\2.14.0\core\xsl\extract-latex-image.xsl
INFO    : messages from the log for XSL processing:
INFO    : * PTX:INFO:   checking ONLY the last TWO YEARS of element deprecations.
Rerun with the string parameter "author.deprecations.all" set to "yes" to check your source against all deprecations.
INFO    : successful application of C:\Users\CKG\.ptx\2.14.0\core\xsl\extract-latex-image.xsl
INFO    : converting sec-triangle.tex to sec-triangle.pdf
ERROR   : LaTeX compilation of sec-triangle.tex failed.
Re-run, requesting "source" as the format, to analyze the image.
Likely creating the entire document as PDF will fail similarly.
The transcript of the LaTeX run follows.
WARNING : LaTeX compilation of sec-triangle.tex failed
INFO    : converting sin-triangle.tex to sin-triangle.pdf
ERROR   : LaTeX compilation of sin-triangle.tex failed.
Re-run, requesting "source" as the format, to analyze the image.
Likely creating the entire document as PDF will fail similarly.
The transcript of the LaTeX run follows.
WARNING : LaTeX compilation of sin-triangle.tex failed
INFO    : converting tan-triangle.tex to tan-triangle.pdf
ERROR   : LaTeX compilation of tan-triangle.tex failed.
Re-run, requesting "source" as the format, to analyze the image.
Likely creating the entire document as PDF will fail similarly.
The transcript of the LaTeX run follows.
WARNING : LaTeX compilation of tan-triangle.tex failed
ERROR   : Unable to generate some latex-image assets:
 LaTeX compilation failed for 3 "latex-image"(s).
Review the log for error messages, and LaTeX transcripts.
Images are:
  sec-triangle.tex
  sin-triangle.tex
  tan-triangle.tex
INFO    : Removing temporary directory C:\Users\CKG\AppData\Local\Temp\ptx-2z3uoegb
INFO    : Finished generating assets.

INFO    : Preparing to build into C:\Users\CKG\Documents\Pretext\math\calculus-new\output\web.
WARNING : Node.js must be installed to build CSS files.  Please install node.js and npm.
 Will try to use prebuilt CSS files instead.
WARNING : Cannot find npm.  Will try to use prebuilt CSS files instead.
WARNING : Unable to install npm packages to build css files.  Non-default CSS themes require node.js and npm to be installed.  See https://pretextbook.org/doc/guide/html/node-and-npm.html
WARNING : 
INFO    : discovering source file's directory name: C:\Users\CKG\Documents\Pretext\math\calculus-new\source
INFO    : verifying and expanding input directory: C:\Users\CKG\Documents\Pretext\math\calculus-new\source\../generated-assets
INFO    : input directory expanded to absolute path: C:\Users\CKG\Documents\Pretext\math\calculus-new\generated-assets
INFO    : verifying and expanding input directory: C:\Users\CKG\Documents\Pretext\math\calculus-new\source\../assets
INFO    : input directory expanded to absolute path: C:\Users\CKG\Documents\Pretext\math\calculus-new\assets
INFO    : Downloading rs services file from https://runestone.academy/cdn/runestone/latest/webpack_static_imports.xml.
INFO    : Runestone Services via online CDN query: version 7.5.10
INFO    : Downloading Runestone Services, version 7.5.10
INFO    : Extracting Runestone Services from archive file
INFO    : XSL conversion of C:\Users\CKG\Documents\Pretext\math\calculus-new\source\main.ptx by C:\Users\CKG\.ptx\2.14.0\core\xsl\utilities\report-publisher-variables.xsl
INFO    : successful application of C:\Users\CKG\.ptx\2.14.0\core\xsl\utilities\report-publisher-variables.xsl
INFO    : Node.js not available. Relying on prebuilt default-modern.
INFO    : converting C:\Users\CKG\Documents\Pretext\math\calculus-new\source\main.ptx to HTML in C:\Users\CKG\AppData\Local\Temp\ptx-rgodvlzj
INFO    : XSL conversion of C:\Users\CKG\Documents\Pretext\math\calculus-new\source\main.ptx by C:\Users\CKG\.ptx\2.14.0\core\xsl\pretext-html.xsl
INFO    : messages from the log for XSL processing:
INFO    : * PTX:INFO:   checking ONLY the last TWO YEARS of element deprecations.
Rerun with the string parameter "author.deprecations.all" set to "yes" to check your source against all deprecations.
WARNING : * PTX:DEPRECATE: (2023-10-17) the "docinfo/latex-preamble" element no longer has a purpose.  Remove the element and adjust any contained "package" elements.  Then this warning will cease. (1 time)
INFO    : * --------------
INFO    : successful application of C:\Users\CKG\.ptx\2.14.0\core\xsl\pretext-html.xsl
INFO    : Removing temporary directory C:\Users\CKG\AppData\Local\Temp\ptx-rgodvlzj
INFO    : Removing temporary directory C:\Users\CKG\AppData\Local\Temp\ptx-f33hfw69
INFO    : 
Success! Run `pretext view` to see the results.

INFO    : 
----------------------------------------------------
INFO    : While running pretext, the following errors occurred:

INFO    : (see log messages above or in the 'logs' folder for more information)
INFO    : ----------------------------------------------------
